Analysis & Synthesis report for FPGA_Audio_Effects
Sat Mar 30 15:00:07 2019
Quartus Prime Version 18.1.0 Build 625 09/12/2018 SJ Lite Edition


---------------------
; Table of Contents ;
---------------------
  1. Legal Notice
  2. Analysis & Synthesis Summary
  3. Analysis & Synthesis Settings
  4. Parallel Compilation
  5. Analysis & Synthesis Source Files Read
  6. Analysis & Synthesis Resource Usage Summary
  7. Analysis & Synthesis Resource Utilization by Entity
  8. Registers Removed During Synthesis
  9. Removed Registers Triggering Further Register Optimizations
 10. General Register Statistics
 11. Inverted Register Statistics
 12. Multiplexer Restructuring Statistics (Restructuring Performed)
 13. Post-Synthesis Netlist Statistics for Top Partition
 14. Elapsed Time Per Partition
 15. Analysis & Synthesis Messages



----------------
; Legal Notice ;
----------------
Copyright (C) 2018  Intel Corporation. All rights reserved.
Your use of Intel Corporation's design tools, logic functions 
and other software and tools, and its AMPP partner logic 
functions, and any output files from any of the foregoing 
(including device programming or simulation files), and any 
associated documentation or information are expressly subject 
to the terms and conditions of the Intel Program License 
Subscription Agreement, the Intel Quartus Prime License Agreement,
the Intel FPGA IP License Agreement, or other applicable license
agreement, including, without limitation, that your use is for
the sole purpose of programming logic devices manufactured by
Intel and sold by Intel or its authorized distributors.  Please
refer to the applicable agreement for further details.



+-------------------------------------------------------------------------------+
; Analysis & Synthesis Summary                                                  ;
+---------------------------------+---------------------------------------------+
; Analysis & Synthesis Status     ; Successful - Sat Mar 30 15:00:07 2019       ;
; Quartus Prime Version           ; 18.1.0 Build 625 09/12/2018 SJ Lite Edition ;
; Revision Name                   ; FPGA_Audio_Effects                          ;
; Top-level Entity Name           ; main                                        ;
; Family                          ; Cyclone V                                   ;
; Logic utilization (in ALMs)     ; N/A                                         ;
; Total registers                 ; 74                                          ;
; Total pins                      ; 9                                           ;
; Total virtual pins              ; 0                                           ;
; Total block memory bits         ; 0                                           ;
; Total DSP Blocks                ; 0                                           ;
; Total HSSI RX PCSs              ; 0                                           ;
; Total HSSI PMA RX Deserializers ; 0                                           ;
; Total HSSI TX PCSs              ; 0                                           ;
; Total HSSI PMA TX Serializers   ; 0                                           ;
; Total PLLs                      ; 0                                           ;
; Total DLLs                      ; 0                                           ;
+---------------------------------+---------------------------------------------+


+---------------------------------------------------------------------------------------------------------------------------+
; Analysis & Synthesis Settings                                                                                             ;
+---------------------------------------------------------------------------------+--------------------+--------------------+
; Option                                                                          ; Setting            ; Default Value      ;
+---------------------------------------------------------------------------------+--------------------+--------------------+
; Device                                                                          ; 5CSEMA5F31C6       ;                    ;
; Top-level entity name                                                           ; main               ; FPGA_Audio_Effects ;
; Family name                                                                     ; Cyclone V          ; Cyclone V          ;
; Use smart compilation                                                           ; Off                ; Off                ;
; Enable parallel Assembler and Timing Analyzer during compilation                ; On                 ; On                 ;
; Enable compact report table                                                     ; Off                ; Off                ;
; Restructure Multiplexers                                                        ; Auto               ; Auto               ;
; MLAB Add Timing Constraints For Mixed-Port Feed-Through Mode Setting Don't Care ; Off                ; Off                ;
; Create Debugging Nodes for IP Cores                                             ; Off                ; Off                ;
; Preserve fewer node names                                                       ; On                 ; On                 ;
; Intel FPGA IP Evaluation Mode                                                   ; Enable             ; Enable             ;
; Verilog Version                                                                 ; Verilog_2001       ; Verilog_2001       ;
; VHDL Version                                                                    ; VHDL_1993          ; VHDL_1993          ;
; State Machine Processing                                                        ; Auto               ; Auto               ;
; Safe State Machine                                                              ; Off                ; Off                ;
; Extract Verilog State Machines                                                  ; On                 ; On                 ;
; Extract VHDL State Machines                                                     ; On                 ; On                 ;
; Ignore Verilog initial constructs                                               ; Off                ; Off                ;
; Iteration limit for constant Verilog loops                                      ; 5000               ; 5000               ;
; Iteration limit for non-constant Verilog loops                                  ; 250                ; 250                ;
; Add Pass-Through Logic to Inferred RAMs                                         ; On                 ; On                 ;
; Infer RAMs from Raw Logic                                                       ; On                 ; On                 ;
; Parallel Synthesis                                                              ; On                 ; On                 ;
; DSP Block Balancing                                                             ; Auto               ; Auto               ;
; NOT Gate Push-Back                                                              ; On                 ; On                 ;
; Power-Up Don't Care                                                             ; On                 ; On                 ;
; Remove Redundant Logic Cells                                                    ; Off                ; Off                ;
; Remove Duplicate Registers                                                      ; On                 ; On                 ;
; Ignore CARRY Buffers                                                            ; Off                ; Off                ;
; Ignore CASCADE Buffers                                                          ; Off                ; Off                ;
; Ignore GLOBAL Buffers                                                           ; Off                ; Off                ;
; Ignore ROW GLOBAL Buffers                                                       ; Off                ; Off                ;
; Ignore LCELL Buffers                                                            ; Off                ; Off                ;
; Ignore SOFT Buffers                                                             ; On                 ; On                 ;
; Limit AHDL Integers to 32 Bits                                                  ; Off                ; Off                ;
; Optimization Technique                                                          ; Balanced           ; Balanced           ;
; Carry Chain Length                                                              ; 70                 ; 70                 ;
; Auto Carry Chains                                                               ; On                 ; On                 ;
; Auto Open-Drain Pins                                                            ; On                 ; On                 ;
; Perform WYSIWYG Primitive Resynthesis                                           ; Off                ; Off                ;
; Auto ROM Replacement                                                            ; On                 ; On                 ;
; Auto RAM Replacement                                                            ; On                 ; On                 ;
; Auto DSP Block Replacement                                                      ; On                 ; On                 ;
; Auto Shift Register Replacement                                                 ; Auto               ; Auto               ;
; Allow Shift Register Merging across Hierarchies                                 ; Auto               ; Auto               ;
; Auto Clock Enable Replacement                                                   ; On                 ; On                 ;
; Strict RAM Replacement                                                          ; Off                ; Off                ;
; Allow Synchronous Control Signals                                               ; On                 ; On                 ;
; Force Use of Synchronous Clear Signals                                          ; Off                ; Off                ;
; Auto Resource Sharing                                                           ; Off                ; Off                ;
; Allow Any RAM Size For Recognition                                              ; Off                ; Off                ;
; Allow Any ROM Size For Recognition                                              ; Off                ; Off                ;
; Allow Any Shift Register Size For Recognition                                   ; Off                ; Off                ;
; Use LogicLock Constraints during Resource Balancing                             ; On                 ; On                 ;
; Ignore translate_off and synthesis_off directives                               ; Off                ; Off                ;
; Timing-Driven Synthesis                                                         ; On                 ; On                 ;
; Report Parameter Settings                                                       ; On                 ; On                 ;
; Report Source Assignments                                                       ; On                 ; On                 ;
; Report Connectivity Checks                                                      ; On                 ; On                 ;
; Ignore Maximum Fan-Out Assignments                                              ; Off                ; Off                ;
; Synchronization Register Chain Length                                           ; 3                  ; 3                  ;
; Power Optimization During Synthesis                                             ; Normal compilation ; Normal compilation ;
; HDL message level                                                               ; Level2             ; Level2             ;
; Suppress Register Optimization Related Messages                                 ; Off                ; Off                ;
; Number of Removed Registers Reported in Synthesis Report                        ; 5000               ; 5000               ;
; Number of Swept Nodes Reported in Synthesis Report                              ; 5000               ; 5000               ;
; Number of Inverted Registers Reported in Synthesis Report                       ; 100                ; 100                ;
; Clock MUX Protection                                                            ; On                 ; On                 ;
; Auto Gated Clock Conversion                                                     ; Off                ; Off                ;
; Block Design Naming                                                             ; Auto               ; Auto               ;
; SDC constraint protection                                                       ; Off                ; Off                ;
; Synthesis Effort                                                                ; Auto               ; Auto               ;
; Shift Register Replacement - Allow Asynchronous Clear Signal                    ; On                 ; On                 ;
; Pre-Mapping Resynthesis Optimization                                            ; Off                ; Off                ;
; Analysis & Synthesis Message Level                                              ; Medium             ; Medium             ;
; Disable Register Merging Across Hierarchies                                     ; Auto               ; Auto               ;
; Resource Aware Inference For Block RAM                                          ; On                 ; On                 ;
; Automatic Parallel Synthesis                                                    ; On                 ; On                 ;
; Partial Reconfiguration Bitstream ID                                            ; Off                ; Off                ;
+---------------------------------------------------------------------------------+--------------------+--------------------+


+------------------------------------------+
; Parallel Compilation                     ;
+----------------------------+-------------+
; Processors                 ; Number      ;
+----------------------------+-------------+
; Number detected on machine ; 4           ;
; Maximum allowed            ; 2           ;
;                            ;             ;
; Average used               ; 1.00        ;
; Maximum used               ; 2           ;
;                            ;             ;
; Usage by Processor         ; % Time Used ;
;     Processor 1            ; 100.0%      ;
;     Processor 2            ;   0.0%      ;
+----------------------------+-------------+


+-----------------------------------------------------------------------------------------------------------------------------------------------------------------------------+
; Analysis & Synthesis Source Files Read                                                                                                                                      ;
+----------------------------------+-----------------+------------------------------------+-------------------------------------------------------------------------+---------+
; File Name with User-Entered Path ; Used in Netlist ; File Type                          ; File Name with Absolute Path                                            ; Library ;
+----------------------------------+-----------------+------------------------------------+-------------------------------------------------------------------------+---------+
; main.bdf                         ; yes             ; User Block Diagram/Schematic File  ; C:/Users/Windows/Desktop/FPGA-Audio-Effects-System/main.bdf             ;         ;
; modules/i2c.sv                   ; yes             ; User SystemVerilog HDL File        ; C:/Users/Windows/Desktop/FPGA-Audio-Effects-System/modules/i2c.sv       ;         ;
; modules/CLOCK_500.sv             ; yes             ; User SystemVerilog HDL File        ; C:/Users/Windows/Desktop/FPGA-Audio-Effects-System/modules/CLOCK_500.sv ;         ;
; modules/keytr.sv                 ; yes             ; User SystemVerilog HDL File        ; C:/Users/Windows/Desktop/FPGA-Audio-Effects-System/modules/keytr.sv     ;         ;
+----------------------------------+-----------------+------------------------------------+-------------------------------------------------------------------------+---------+


+-----------------------------------------------------------------------------+
; Analysis & Synthesis Resource Usage Summary                                 ;
+---------------------------------------------+-------------------------------+
; Resource                                    ; Usage                         ;
+---------------------------------------------+-------------------------------+
; Estimate of Logic utilization (ALMs needed) ; 51                            ;
;                                             ;                               ;
; Combinational ALUT usage for logic          ; 84                            ;
;     -- 7 input functions                    ; 1                             ;
;     -- 6 input functions                    ; 14                            ;
;     -- 5 input functions                    ; 10                            ;
;     -- 4 input functions                    ; 21                            ;
;     -- <=3 input functions                  ; 38                            ;
;                                             ;                               ;
; Dedicated logic registers                   ; 74                            ;
;                                             ;                               ;
; I/O pins                                    ; 9                             ;
;                                             ;                               ;
; Total DSP Blocks                            ; 0                             ;
;                                             ;                               ;
; Maximum fan-out node                        ; CLOCK_500:inst|COUNTER_500[9] ;
; Maximum fan-out                             ; 45                            ;
; Total fan-out                               ; 513                           ;
; Average fan-out                             ; 2.90                          ;
+---------------------------------------------+-------------------------------+


+-----------------------------------------------------------------------------------------------------------------------------------------------------------------------------------------+
; Analysis & Synthesis Resource Utilization by Entity                                                                                                                                     ;
+----------------------------+---------------------+---------------------------+-------------------+------------+------+--------------+----------------------+-------------+--------------+
; Compilation Hierarchy Node ; Combinational ALUTs ; Dedicated Logic Registers ; Block Memory Bits ; DSP Blocks ; Pins ; Virtual Pins ; Full Hierarchy Name  ; Entity Name ; Library Name ;
+----------------------------+---------------------+---------------------------+-------------------+------------+------+--------------+----------------------+-------------+--------------+
; |main                      ; 84 (0)              ; 74 (0)                    ; 0                 ; 0          ; 9    ; 0            ; |main                ; main        ; work         ;
;    |CLOCK_500:inst|        ; 32 (32)             ; 31 (31)                   ; 0                 ; 0          ; 0    ; 0            ; |main|CLOCK_500:inst ; CLOCK_500   ; work         ;
;    |i2c:inst2|             ; 29 (29)             ; 20 (20)                   ; 0                 ; 0          ; 0    ; 0            ; |main|i2c:inst2      ; i2c         ; work         ;
;    |keytr:inst3|           ; 23 (23)             ; 23 (23)                   ; 0                 ; 0          ; 0    ; 0            ; |main|keytr:inst3    ; keytr       ; work         ;
+----------------------------+---------------------+---------------------------+-------------------+------------+------+--------------+----------------------+-------------+--------------+
Note: For table entries with two numbers listed, the numbers in parentheses indicate the number of resources of the given type used by the specific entity alone. The numbers listed outside of parentheses indicate the total resources of the given type used by the specific entity and all of its sub-entities in the hierarchy.


+---------------------------------------------------------------------------------+
; Registers Removed During Synthesis                                              ;
+----------------------------------------+----------------------------------------+
; Register name                          ; Reason for Removal                     ;
+----------------------------------------+----------------------------------------+
; CLOCK_500:inst|DATA_A[7,8,13..15]      ; Stuck at GND due to stuck port data_in ;
; i2c:inst2|SD[22,23]                    ; Stuck at GND due to stuck port data_in ;
; i2c:inst2|SD[20,21]                    ; Stuck at VCC due to stuck port data_in ;
; i2c:inst2|SD[19]                       ; Stuck at GND due to stuck port data_in ;
; i2c:inst2|SD[18]                       ; Stuck at VCC due to stuck port data_in ;
; i2c:inst2|SD[7,8,13..17]               ; Stuck at GND due to stuck port data_in ;
; CLOCK_500:inst|address[4,5]            ; Stuck at GND due to stuck port data_in ;
; Total Number of Removed Registers = 20 ;                                        ;
+----------------------------------------+----------------------------------------+


+------------------------------------------------------------------------------------------------+
; Removed Registers Triggering Further Register Optimizations                                    ;
+---------------------------+---------------------------+----------------------------------------+
; Register name             ; Reason for Removal        ; Registers Removed due to This Register ;
+---------------------------+---------------------------+----------------------------------------+
; CLOCK_500:inst|DATA_A[15] ; Stuck at GND              ; i2c:inst2|SD[15]                       ;
;                           ; due to stuck port data_in ;                                        ;
; CLOCK_500:inst|DATA_A[14] ; Stuck at GND              ; i2c:inst2|SD[14]                       ;
;                           ; due to stuck port data_in ;                                        ;
; CLOCK_500:inst|DATA_A[13] ; Stuck at GND              ; i2c:inst2|SD[13]                       ;
;                           ; due to stuck port data_in ;                                        ;
; CLOCK_500:inst|DATA_A[8]  ; Stuck at GND              ; i2c:inst2|SD[8]                        ;
;                           ; due to stuck port data_in ;                                        ;
; CLOCK_500:inst|DATA_A[7]  ; Stuck at GND              ; i2c:inst2|SD[7]                        ;
;                           ; due to stuck port data_in ;                                        ;
; CLOCK_500:inst|address[5] ; Stuck at GND              ; CLOCK_500:inst|address[4]              ;
;                           ; due to stuck port data_in ;                                        ;
+---------------------------+---------------------------+----------------------------------------+


+------------------------------------------------------+
; General Register Statistics                          ;
+----------------------------------------------+-------+
; Statistic                                    ; Value ;
+----------------------------------------------+-------+
; Total registers                              ; 74    ;
; Number of registers using Synchronous Clear  ; 18    ;
; Number of registers using Synchronous Load   ; 0     ;
; Number of registers using Asynchronous Clear ; 14    ;
; Number of registers using Asynchronous Load  ; 0     ;
; Number of registers using Clock Enable       ; 15    ;
; Number of registers using Preset             ; 0     ;
+----------------------------------------------+-------+


+---------------------------------------------------+
; Inverted Register Statistics                      ;
+-----------------------------------------+---------+
; Inverted Register                       ; Fan out ;
+-----------------------------------------+---------+
; i2c:inst2|SCLK                          ; 2       ;
; i2c:inst2|SD_COUNTER[5]                 ; 11      ;
; i2c:inst2|SD_COUNTER[4]                 ; 12      ;
; i2c:inst2|SD_COUNTER[3]                 ; 16      ;
; i2c:inst2|SD_COUNTER[2]                 ; 14      ;
; i2c:inst2|SD_COUNTER[1]                 ; 14      ;
; i2c:inst2|SD_COUNTER[0]                 ; 19      ;
; i2c:inst2|END                           ; 22      ;
; i2c:inst2|SDO                           ; 2       ;
; keytr:inst3|flag                        ; 6       ;
; Total number of inverted registers = 10 ;         ;
+-----------------------------------------+---------+


+----------------------------------------------------------------------------------------------------------------------------------------------+
; Multiplexer Restructuring Statistics (Restructuring Performed)                                                                               ;
+--------------------+-----------+---------------+----------------------+------------------------+------------+--------------------------------+
; Multiplexer Inputs ; Bus Width ; Baseline Area ; Area if Restructured ; Saving if Restructured ; Registered ; Example Multiplexer Output     ;
+--------------------+-----------+---------------+----------------------+------------------------+------------+--------------------------------+
; 16:1               ; 3 bits    ; 30 LEs        ; 18 LEs               ; 12 LEs                 ; Yes        ; |main|CLOCK_500:inst|DATA_A[4] ;
; 3:1                ; 6 bits    ; 12 LEs        ; 6 LEs                ; 6 LEs                  ; Yes        ; |main|i2c:inst2|SD_COUNTER[5]  ;
+--------------------+-----------+---------------+----------------------+------------------------+------------+--------------------------------+


+-----------------------------------------------------+
; Post-Synthesis Netlist Statistics for Top Partition ;
+-----------------------+-----------------------------+
; Type                  ; Count                       ;
+-----------------------+-----------------------------+
; arriav_ff             ; 74                          ;
;     CLR               ; 14                          ;
;     ENA               ; 15                          ;
;     SCLR              ; 18                          ;
;     plain             ; 27                          ;
; arriav_io_obuf        ; 1                           ;
; arriav_lcell_comb     ; 84                          ;
;     arith             ; 26                          ;
;         1 data inputs ; 25                          ;
;         2 data inputs ; 1                           ;
;     extend            ; 1                           ;
;         7 data inputs ; 1                           ;
;     normal            ; 57                          ;
;         1 data inputs ; 3                           ;
;         2 data inputs ; 2                           ;
;         3 data inputs ; 7                           ;
;         4 data inputs ; 21                          ;
;         5 data inputs ; 10                          ;
;         6 data inputs ; 14                          ;
; boundary_port         ; 9                           ;
;                       ;                             ;
; Max LUT depth         ; 3.00                        ;
; Average LUT depth     ; 1.75                        ;
+-----------------------+-----------------------------+


+-------------------------------+
; Elapsed Time Per Partition    ;
+----------------+--------------+
; Partition Name ; Elapsed Time ;
+----------------+--------------+
; Top            ; 00:00:01     ;
+----------------+--------------+


+-------------------------------+
; Analysis & Synthesis Messages ;
+-------------------------------+
Info: *******************************************************************
Info: Running Quartus Prime Analysis & Synthesis
    Info: Version 18.1.0 Build 625 09/12/2018 SJ Lite Edition
    Info: Processing started: Sat Mar 30 14:59:42 2019
Info: Command: quartus_map --read_settings_files=on --write_settings_files=off FPGA_Audio_Effects -c FPGA_Audio_Effects
Warning (18236): Number of processors has not been specified which may cause overloading on shared machines.  Set the global assignment NUM_PARALLEL_PROCESSORS in your QSF to an appropriate value for best performance.
Info (20030): Parallel compilation is enabled and will use 2 of the 2 processors detected
Info (12021): Found 1 design units, including 1 entities, in source file main.bdf
    Info (12023): Found entity 1: main
Info (12021): Found 1 design units, including 1 entities, in source file modules/i2c.sv
    Info (12023): Found entity 1: i2c File: C:/Users/Windows/Desktop/FPGA-Audio-Effects-System/modules/i2c.sv Line: 1
Info (12021): Found 1 design units, including 1 entities, in source file modules/clock_500.sv
    Info (12023): Found entity 1: CLOCK_500 File: C:/Users/Windows/Desktop/FPGA-Audio-Effects-System/modules/CLOCK_500.sv Line: 3
Info (12021): Found 1 design units, including 1 entities, in source file modules/keytr.sv
    Info (12023): Found entity 1: keytr File: C:/Users/Windows/Desktop/FPGA-Audio-Effects-System/modules/keytr.sv Line: 1
Warning (10236): Verilog HDL Implicit Net warning at keytr.sv(20): created implicit net for "falling_edge" File: C:/Users/Windows/Desktop/FPGA-Audio-Effects-System/modules/keytr.sv Line: 20
Info (12127): Elaborating entity "main" for the top level hierarchy
Info (12128): Elaborating entity "CLOCK_500" for hierarchy "CLOCK_500:inst"
Warning (10230): Verilog HDL assignment warning at CLOCK_500.sv(21): truncated value with size 32 to match size of target (1) File: C:/Users/Windows/Desktop/FPGA-Audio-Effects-System/modules/CLOCK_500.sv Line: 21
Warning (10230): Verilog HDL assignment warning at CLOCK_500.sv(28): truncated value with size 32 to match size of target (6) File: C:/Users/Windows/Desktop/FPGA-Audio-Effects-System/modules/CLOCK_500.sv Line: 28
Warning (10230): Verilog HDL assignment warning at CLOCK_500.sv(36): truncated value with size 32 to match size of target (5) File: C:/Users/Windows/Desktop/FPGA-Audio-Effects-System/modules/CLOCK_500.sv Line: 36
Warning (10230): Verilog HDL assignment warning at CLOCK_500.sv(39): truncated value with size 32 to match size of target (7) File: C:/Users/Windows/Desktop/FPGA-Audio-Effects-System/modules/CLOCK_500.sv Line: 39
Warning (10230): Verilog HDL assignment warning at CLOCK_500.sv(57): truncated value with size 32 to match size of target (11) File: C:/Users/Windows/Desktop/FPGA-Audio-Effects-System/modules/CLOCK_500.sv Line: 57
Info (12128): Elaborating entity "i2c" for hierarchy "i2c:inst2"
Warning (10230): Verilog HDL assignment warning at i2c.sv(19): truncated value with size 32 to match size of target (1) File: C:/Users/Windows/Desktop/FPGA-Audio-Effects-System/modules/i2c.sv Line: 19
Warning (10230): Verilog HDL assignment warning at i2c.sv(20): truncated value with size 32 to match size of target (1) File: C:/Users/Windows/Desktop/FPGA-Audio-Effects-System/modules/i2c.sv Line: 20
Warning (10230): Verilog HDL assignment warning at i2c.sv(33): truncated value with size 32 to match size of target (6) File: C:/Users/Windows/Desktop/FPGA-Audio-Effects-System/modules/i2c.sv Line: 33
Info (12128): Elaborating entity "keytr" for hierarchy "keytr:inst3"
Warning (10230): Verilog HDL assignment warning at keytr.sv(36): truncated value with size 32 to match size of target (16) File: C:/Users/Windows/Desktop/FPGA-Audio-Effects-System/modules/keytr.sv Line: 36
Warning (10034): Output port "counter" at keytr.sv(8) has no driver File: C:/Users/Windows/Desktop/FPGA-Audio-Effects-System/modules/keytr.sv Line: 8
Warning (10034): Output port "ON" at keytr.sv(4) has no driver File: C:/Users/Windows/Desktop/FPGA-Audio-Effects-System/modules/keytr.sv Line: 4
Info (286030): Timing-Driven Synthesis is running
Info (16010): Generating hard_block partition "hard_block:auto_generated_inst"
    Info (16011): Adding 0 node(s), including 0 DDIO, 0 PLL, 0 transceiver and 0 LCELL
Info (21057): Implemented 109 device resources after synthesis - the final resource count might be different
    Info (21058): Implemented 5 input pins
    Info (21059): Implemented 3 output pins
    Info (21060): Implemented 1 bidirectional pins
    Info (21061): Implemented 100 logic cells
Info: Quartus Prime Analysis & Synthesis was successful. 0 errors, 13 warnings
    Info: Peak virtual memory: 4838 megabytes
    Info: Processing ended: Sat Mar 30 15:00:07 2019
    Info: Elapsed time: 00:00:25
    Info: Total CPU time (on all processors): 00:00:47


